-- [cable ] Cable 0.4.1 initialized
-- [cable ] Build type: Release
-- [hunter] Initializing Hunter workspace (bc7da329d2493201de28f0c2a5fcd4de1415c477)
-- [hunter]   https://github.com/ruslo/hunter/archive/v0.23.190.tar.gz
-- [hunter]   -> /home/xeniro/fisco-bco/FISCO-BCOS/deps/src/.hunter/_Base/Download/Hunter/0.23.190/bc7da32
-- The CXX compiler identification is GNU 7.5.0
-- Check for working CXX compiler: /usr/bin/c++
-- Check for working CXX compiler: /usr/bin/c++ -- works
-- Detecting CXX compiler ABI info
-- Detecting CXX compiler ABI info - done
-- Detecting CXX compile features
-- Detecting CXX compile features - done
-- [hunter] Calculating Toolchain-SHA1
-- [hunter] Calculating Config-SHA1
-- [hunter] HUNTER_ROOT: /home/xeniro/fisco-bco/FISCO-BCOS/deps/src/.hunter
-- [hunter] [ Hunter-ID: bc7da32 | Toolchain-ID: a355b0d | Config-ID: 145276e ]
-- [hunter] ETHASH_ROOT: /home/xeniro/fisco-bco/FISCO-BCOS/deps/src/.hunter/_Base/bc7da32/a355b0d/145276e/Install (ver.: 0.5.0)
-- [hunter] Building ethash
loading initial cache file /home/xeniro/fisco-bco/FISCO-BCOS/deps/src/.hunter/_Base/bc7da32/a355b0d/145276e/cache.cmake
loading initial cache file /home/xeniro/fisco-bco/FISCO-BCOS/deps/src/.hunter/_Base/bc7da32/a355b0d/145276e/Build/ethash/args.cmake
-- The C compiler identification is GNU 7.5.0
-- The CXX compiler identification is GNU 7.5.0
-- Check for working C compiler: /usr/bin/cc
-- Check for working C compiler: /usr/bin/cc -- works
-- Detecting C compile features
-- Detecting C compile features - done
-- Check for working CXX compiler: /usr/bin/c++
-- Check for working CXX compiler: /usr/bin/c++ -- works
-- Detecting CXX compile features
-- Detecting CXX compile features - done
-- Configuring done
-- Generating done
-- Build files have been written to: /home/xeniro/fisco-bco/FISCO-BCOS/deps/src/.hunter/_Base/bc7da32/a355b0d/145276e/Build/ethash/Build
make[3]: 进入目录“/home/xeniro/fisco-bco/FISCO-BCOS/deps/src/.hunter/_Base/bc7da32/a355b0d/145276e/Build/ethash/Build”
make[4]: 进入目录“/home/xeniro/fisco-bco/FISCO-BCOS/deps/src/.hunter/_Base/bc7da32/a355b0d/145276e/Build/ethash/Build”
make[5]: 进入目录“/home/xeniro/fisco-bco/FISCO-BCOS/deps/src/.hunter/_Base/bc7da32/a355b0d/145276e/Build/ethash/Build”
Scanning dependencies of target ethash-Release
make[5]: 离开目录“/home/xeniro/fisco-bco/FISCO-BCOS/deps/src/.hunter/_Base/bc7da32/a355b0d/145276e/Build/ethash/Build”
make[5]: 进入目录“/home/xeniro/fisco-bco/FISCO-BCOS/deps/src/.hunter/_Base/bc7da32/a355b0d/145276e/Build/ethash/Build”
[ 12%] Creating directories for 'ethash-Release'
[ 25%] Performing download step (download, verify and extract) for 'ethash-Release'
-- Downloading...
   dst='/home/xeniro/fisco-bco/FISCO-BCOS/deps/src/.hunter/_Base/Download/ethash/0.5.0/674af68/v0.5.0.tar.gz'
   timeout='none'
-- Using src='https://github.com/chfast/ethash/archive/v0.5.0.tar.gz'
-- verifying file...
       file='/home/xeniro/fisco-bco/FISCO-BCOS/deps/src/.hunter/_Base/Download/ethash/0.5.0/674af68/v0.5.0.tar.gz'
-- Downloading... done
-- extracting...
     src='/home/xeniro/fisco-bco/FISCO-BCOS/deps/src/.hunter/_Base/Download/ethash/0.5.0/674af68/v0.5.0.tar.gz'
     dst='/home/xeniro/fisco-bco/FISCO-BCOS/deps/src/.hunter/_Base/bc7da32/a355b0d/145276e/Build/ethash/Source'
-- extracting... [tar xfz]
-- extracting... [analysis]
-- extracting... [rename]
-- extracting... [clean up]
-- extracting... done
[ 37%] No patch step for 'ethash-Release'
[ 50%] No update step for 'ethash-Release'
[ 62%] Performing configure step for 'ethash-Release'
loading initial cache file /home/xeniro/fisco-bco/FISCO-BCOS/deps/src/.hunter/_Base/bc7da32/a355b0d/145276e/cache.cmake
loading initial cache file /home/xeniro/fisco-bco/FISCO-BCOS/deps/src/.hunter/_Base/bc7da32/a355b0d/145276e/Build/ethash/args.cmake
-- [cable ] Cable 0.2.16 initialized
-- The C compiler identification is GNU 7.5.0
-- The CXX compiler identification is GNU 7.5.0
-- Check for working C compiler: /usr/bin/cc
-- Check for working C compiler: /usr/bin/cc -- works
-- Detecting C compile features
-- Detecting C compile features - done
-- Check for working CXX compiler: /usr/bin/c++
-- Check for working CXX compiler: /usr/bin/c++ -- works
-- Detecting CXX compile features
-- Detecting CXX compile features - done
-- [cable ] Build type: Release
-- Performing Test fstack-protector
-- Performing Test fstack-protector - Success
-- Performing Test Wimplicit-fallthrough
-- Performing Test Wimplicit-fallthrough - Success
-- Performing Test mtune=generic
-- Performing Test mtune=generic - Success
-- Configuring done
-- Generating done
-- Build files have been written to: /home/xeniro/fisco-bco/FISCO-BCOS/deps/src/.hunter/_Base/bc7da32/a355b0d/145276e/Build/ethash/Build/ethash-Release-prefix/src/ethash-Release-build
[ 75%] Performing build step for 'ethash-Release'
make[6]: 进入目录“/home/xeniro/fisco-bco/FISCO-BCOS/deps/src/.hunter/_Base/bc7da32/a355b0d/145276e/Build/ethash/Build/ethash-Release-prefix/src/ethash-Release-build”
make[7]: 进入目录“/home/xeniro/fisco-bco/FISCO-BCOS/deps/src/.hunter/_Base/bc7da32/a355b0d/145276e/Build/ethash/Build/ethash-Release-prefix/src/ethash-Release-build”
make[8]: 进入目录“/home/xeniro/fisco-bco/FISCO-BCOS/deps/src/.hunter/_Base/bc7da32/a355b0d/145276e/Build/ethash/Build/ethash-Release-prefix/src/ethash-Release-build”
Scanning dependencies of target keccak
make[8]: 离开目录“/home/xeniro/fisco-bco/FISCO-BCOS/deps/src/.hunter/_Base/bc7da32/a355b0d/145276e/Build/ethash/Build/ethash-Release-prefix/src/ethash-Release-build”
make[8]: 进入目录“/home/xeniro/fisco-bco/FISCO-BCOS/deps/src/.hunter/_Base/bc7da32/a355b0d/145276e/Build/ethash/Build/ethash-Release-prefix/src/ethash-Release-build”
[ 11%] Building C object lib/keccak/CMakeFiles/keccak.dir/keccak.c.o
[ 22%] Building C object lib/keccak/CMakeFiles/keccak.dir/keccakf1600.c.o
[ 33%] Building C object lib/keccak/CMakeFiles/keccak.dir/keccakf800.c.o
[ 44%] Linking C static library libkeccak.a
make[8]: 离开目录“/home/xeniro/fisco-bco/FISCO-BCOS/deps/src/.hunter/_Base/bc7da32/a355b0d/145276e/Build/ethash/Build/ethash-Release-prefix/src/ethash-Release-build”
[ 44%] Built target keccak
make[8]: 进入目录“/home/xeniro/fisco-bco/FISCO-BCOS/deps/src/.hunter/_Base/bc7da32/a355b0d/145276e/Build/ethash/Build/ethash-Release-prefix/src/ethash-Release-build”
Scanning dependencies of target ethash
make[8]: 离开目录“/home/xeniro/fisco-bco/FISCO-BCOS/deps/src/.hunter/_Base/bc7da32/a355b0d/145276e/Build/ethash/Build/ethash-Release-prefix/src/ethash-Release-build”
make[8]: 进入目录“/home/xeniro/fisco-bco/FISCO-BCOS/deps/src/.hunter/_Base/bc7da32/a355b0d/145276e/Build/ethash/Build/ethash-Release-prefix/src/ethash-Release-build”
[ 55%] Building CXX object lib/ethash/CMakeFiles/ethash.dir/ethash.cpp.o
[ 66%] Building CXX object lib/ethash/CMakeFiles/ethash.dir/managed.cpp.o
[ 88%] Building CXX object lib/ethash/CMakeFiles/ethash.dir/progpow.cpp.o
[ 88%] Building C object lib/ethash/CMakeFiles/ethash.dir/primes.c.o
[100%] Linking CXX static library libethash.a
make[8]: 离开目录“/home/xeniro/fisco-bco/FISCO-BCOS/deps/src/.hunter/_Base/bc7da32/a355b0d/145276e/Build/ethash/Build/ethash-Release-prefix/src/ethash-Release-build”
[100%] Built target ethash
make[7]: 离开目录“/home/xeniro/fisco-bco/FISCO-BCOS/deps/src/.hunter/_Base/bc7da32/a355b0d/145276e/Build/ethash/Build/ethash-Release-prefix/src/ethash-Release-build”
make[6]: 离开目录“/home/xeniro/fisco-bco/FISCO-BCOS/deps/src/.hunter/_Base/bc7da32/a355b0d/145276e/Build/ethash/Build/ethash-Release-prefix/src/ethash-Release-build”
[ 87%] Performing install step for 'ethash-Release'
make[6]: 进入目录“/home/xeniro/fisco-bco/FISCO-BCOS/deps/src/.hunter/_Base/bc7da32/a355b0d/145276e/Build/ethash/Build/ethash-Release-prefix/src/ethash-Release-build”
make[7]: 进入目录“/home/xeniro/fisco-bco/FISCO-BCOS/deps/src/.hunter/_Base/bc7da32/a355b0d/145276e/Build/ethash/Build/ethash-Release-prefix/src/ethash-Release-build”
make[8]: 进入目录“/home/xeniro/fisco-bco/FISCO-BCOS/deps/src/.hunter/_Base/bc7da32/a355b0d/145276e/Build/ethash/Build/ethash-Release-prefix/src/ethash-Release-build”
make[8]: 离开目录“/home/xeniro/fisco-bco/FISCO-BCOS/deps/src/.hunter/_Base/bc7da32/a355b0d/145276e/Build/ethash/Build/ethash-Release-prefix/src/ethash-Release-build”
[ 44%] Built target keccak
make[8]: 进入目录“/home/xeniro/fisco-bco/FISCO-BCOS/deps/src/.hunter/_Base/bc7da32/a355b0d/145276e/Build/ethash/Build/ethash-Release-prefix/src/ethash-Release-build”
make[8]: 离开目录“/home/xeniro/fisco-bco/FISCO-BCOS/deps/src/.hunter/_Base/bc7da32/a355b0d/145276e/Build/ethash/Build/ethash-Release-prefix/src/ethash-Release-build”
[100%] Built target ethash
make[7]: 离开目录“/home/xeniro/fisco-bco/FISCO-BCOS/deps/src/.hunter/_Base/bc7da32/a355b0d/145276e/Build/ethash/Build/ethash-Release-prefix/src/ethash-Release-build”
Install the project...
-- Install configuration: "Release"
-- Installing: /home/xeniro/fisco-bco/FISCO-BCOS/deps/src/.hunter/_Base/bc7da32/a355b0d/145276e/Build/ethash/Install/include
-- Installing: /home/xeniro/fisco-bco/FISCO-BCOS/deps/src/.hunter/_Base/bc7da32/a355b0d/145276e/Build/ethash/Install/include/ethash
-- Installing: /home/xeniro/fisco-bco/FISCO-BCOS/deps/src/.hunter/_Base/bc7da32/a355b0d/145276e/Build/ethash/Install/include/ethash/ethash.hpp
-- Installing: /home/xeniro/fisco-bco/FISCO-BCOS/deps/src/.hunter/_Base/bc7da32/a355b0d/145276e/Build/ethash/Install/include/ethash/progpow.hpp
-- Installing: /home/xeniro/fisco-bco/FISCO-BCOS/deps/src/.hunter/_Base/bc7da32/a355b0d/145276e/Build/ethash/Install/include/ethash/keccak.hpp
-- Installing: /home/xeniro/fisco-bco/FISCO-BCOS/deps/src/.hunter/_Base/bc7da32/a355b0d/145276e/Build/ethash/Install/include/ethash/keccak.h
-- Installing: /home/xeniro/fisco-bco/FISCO-BCOS/deps/src/.hunter/_Base/bc7da32/a355b0d/145276e/Build/ethash/Install/include/ethash/hash_types.hpp
-- Installing: /home/xeniro/fisco-bco/FISCO-BCOS/deps/src/.hunter/_Base/bc7da32/a355b0d/145276e/Build/ethash/Install/include/ethash/ethash.h
-- Installing: /home/xeniro/fisco-bco/FISCO-BCOS/deps/src/.hunter/_Base/bc7da32/a355b0d/145276e/Build/ethash/Install/include/ethash/hash_types.h
-- Installing: /home/xeniro/fisco-bco/FISCO-BCOS/deps/src/.hunter/_Base/bc7da32/a355b0d/145276e/Build/ethash/Install/include/ethash/version.h
-- Installing: /home/xeniro/fisco-bco/FISCO-BCOS/deps/src/.hunter/_Base/bc7da32/a355b0d/145276e/Build/ethash/Install/lib/cmake/ethash/ethashTargets.cmake
-- Installing: /home/xeniro/fisco-bco/FISCO-BCOS/deps/src/.hunter/_Base/bc7da32/a355b0d/145276e/Build/ethash/Install/lib/cmake/ethash/ethashTargets-release.cmake
-- Installing: /home/xeniro/fisco-bco/FISCO-BCOS/deps/src/.hunter/_Base/bc7da32/a355b0d/145276e/Build/ethash/Install/lib/cmake/ethash/ethashConfig.cmake
-- Installing: /home/xeniro/fisco-bco/FISCO-BCOS/deps/src/.hunter/_Base/bc7da32/a355b0d/145276e/Build/ethash/Install/lib/cmake/ethash/ethashConfigVersion.cmake
-- Installing: /home/xeniro/fisco-bco/FISCO-BCOS/deps/src/.hunter/_Base/bc7da32/a355b0d/145276e/Build/ethash/Install/lib/libkeccak.a
-- Installing: /home/xeniro/fisco-bco/FISCO-BCOS/deps/src/.hunter/_Base/bc7da32/a355b0d/145276e/Build/ethash/Install/lib/libethash.a
make[6]: 离开目录“/home/xeniro/fisco-bco/FISCO-BCOS/deps/src/.hunter/_Base/bc7da32/a355b0d/145276e/Build/ethash/Build/ethash-Release-prefix/src/ethash-Release-build”
loading initial cache file /home/xeniro/fisco-bco/FISCO-BCOS/deps/src/.hunter/_Base/bc7da32/a355b0d/145276e/Build/ethash/args.cmake
[100%] Completed 'ethash-Release'
make[5]: 离开目录“/home/xeniro/fisco-bco/FISCO-BCOS/deps/src/.hunter/_Base/bc7da32/a355b0d/145276e/Build/ethash/Build”
[100%] Built target ethash-Release
make[4]: 离开目录“/home/xeniro/fisco-bco/FISCO-BCOS/deps/src/.hunter/_Base/bc7da32/a355b0d/145276e/Build/ethash/Build”
make[3]: 离开目录“/home/xeniro/fisco-bco/FISCO-BCOS/deps/src/.hunter/_Base/bc7da32/a355b0d/145276e/Build/ethash/Build”
-- [hunter] Build step successful (dir: /home/xeniro/fisco-bco/FISCO-BCOS/deps/src/.hunter/_Base/bc7da32/a355b0d/145276e/Build/ethash)
-- [hunter] Cache saved: /home/xeniro/fisco-bco/FISCO-BCOS/deps/src/.hunter/_Base/Cache/raw/ad23ae16c2e67f26a950beeedcde87ed43bb0dca.tar.bz2
-- Performing Test fstack-protector
-- Performing Test fstack-protector - Success
-- Performing Test fstack-protector-strong
-- Performing Test fstack-protector-strong - Success
-- Performing Test Wimplicit-fallthrough
-- Performing Test Wimplicit-fallthrough - Success
-- Performing Test mtune=generic
-- Performing Test mtune=generic - Success
-- [hunter] INTX_ROOT: /home/xeniro/fisco-bco/FISCO-BCOS/deps/src/.hunter/_Base/bc7da32/a355b0d/145276e/Install (ver.: 0.4.0)
-- [hunter] Building intx
loading initial cache file /home/xeniro/fisco-bco/FISCO-BCOS/deps/src/.hunter/_Base/bc7da32/a355b0d/145276e/cache.cmake
loading initial cache file /home/xeniro/fisco-bco/FISCO-BCOS/deps/src/.hunter/_Base/bc7da32/a355b0d/145276e/Build/intx/args.cmake
-- The C compiler identification is GNU 7.5.0
-- The CXX compiler identification is GNU 7.5.0
-- Check for working C compiler: /usr/bin/cc
-- Check for working C compiler: /usr/bin/cc -- works
-- Detecting C compile features
-- Detecting C compile features - done
-- Check for working CXX compiler: /usr/bin/c++
-- Check for working CXX compiler: /usr/bin/c++ -- works
-- Detecting CXX compile features
-- Detecting CXX compile features - done
-- Configuring done
-- Generating done
-- Build files have been written to: /home/xeniro/fisco-bco/FISCO-BCOS/deps/src/.hunter/_Base/bc7da32/a355b0d/145276e/Build/intx/Build
make[3]: 进入目录“/home/xeniro/fisco-bco/FISCO-BCOS/deps/src/.hunter/_Base/bc7da32/a355b0d/145276e/Build/intx/Build”
make[4]: 进入目录“/home/xeniro/fisco-bco/FISCO-BCOS/deps/src/.hunter/_Base/bc7da32/a355b0d/145276e/Build/intx/Build”
make[5]: 进入目录“/home/xeniro/fisco-bco/FISCO-BCOS/deps/src/.hunter/_Base/bc7da32/a355b0d/145276e/Build/intx/Build”
Scanning dependencies of target intx-Release
make[5]: 离开目录“/home/xeniro/fisco-bco/FISCO-BCOS/deps/src/.hunter/_Base/bc7da32/a355b0d/145276e/Build/intx/Build”
make[5]: 进入目录“/home/xeniro/fisco-bco/FISCO-BCOS/deps/src/.hunter/_Base/bc7da32/a355b0d/145276e/Build/intx/Build”
[ 12%] Creating directories for 'intx-Release'
[ 25%] Performing download step (download, verify and extract) for 'intx-Release'
-- Downloading...
   dst='/home/xeniro/fisco-bco/FISCO-BCOS/deps/src/.hunter/_Base/Download/intx/0.4.0/8a2a0b0/v0.4.0.tar.gz'
   timeout='none'
-- Using src='https://github.com/chfast/intx/archive/v0.4.0.tar.gz'
-- [download 100% complete]
-- verifying file...
       file='/home/xeniro/fisco-bco/FISCO-BCOS/deps/src/.hunter/_Base/Download/intx/0.4.0/8a2a0b0/v0.4.0.tar.gz'
-- Downloading... done
-- extracting...
     src='/home/xeniro/fisco-bco/FISCO-BCOS/deps/src/.hunter/_Base/Download/intx/0.4.0/8a2a0b0/v0.4.0.tar.gz'
     dst='/home/xeniro/fisco-bco/FISCO-BCOS/deps/src/.hunter/_Base/bc7da32/a355b0d/145276e/Build/intx/Source'
-- extracting... [tar xfz]
-- extracting... [analysis]
-- extracting... [rename]
-- extracting... [clean up]
-- extracting... done
[ 37%] No patch step for 'intx-Release'
[ 50%] No update step for 'intx-Release'
[ 62%] Performing configure step for 'intx-Release'
loading initial cache file /home/xeniro/fisco-bco/FISCO-BCOS/deps/src/.hunter/_Base/bc7da32/a355b0d/145276e/cache.cmake
loading initial cache file /home/xeniro/fisco-bco/FISCO-BCOS/deps/src/.hunter/_Base/bc7da32/a355b0d/145276e/Build/intx/args.cmake
-- [cable ] Cable 0.4.0 initialized
-- [cable ] Build type: Release
-- The CXX compiler identification is GNU 7.5.0
-- Check for working CXX compiler: /usr/bin/c++
-- Check for working CXX compiler: /usr/bin/c++ -- works
-- Detecting CXX compile features
-- Detecting CXX compile features - done
-- Performing Test fstack-protector
-- Performing Test fstack-protector - Success
-- Performing Test Wimplicit-fallthrough
-- Performing Test Wimplicit-fallthrough - Success
-- Performing Test mtune=generic
-- Performing Test mtune=generic - Success
-- Configuring done
-- Generating done
-- Build files have been written to: /home/xeniro/fisco-bco/FISCO-BCOS/deps/src/.hunter/_Base/bc7da32/a355b0d/145276e/Build/intx/Build/intx-Release-prefix/src/intx-Release-build
[ 75%] Performing build step for 'intx-Release'
make[6]: 进入目录“/home/xeniro/fisco-bco/FISCO-BCOS/deps/src/.hunter/_Base/bc7da32/a355b0d/145276e/Build/intx/Build/intx-Release-prefix/src/intx-Release-build”
make[7]: 进入目录“/home/xeniro/fisco-bco/FISCO-BCOS/deps/src/.hunter/_Base/bc7da32/a355b0d/145276e/Build/intx/Build/intx-Release-prefix/src/intx-Release-build”
make[8]: 进入目录“/home/xeniro/fisco-bco/FISCO-BCOS/deps/src/.hunter/_Base/bc7da32/a355b0d/145276e/Build/intx/Build/intx-Release-prefix/src/intx-Release-build”
Scanning dependencies of target intx
make[8]: 离开目录“/home/xeniro/fisco-bco/FISCO-BCOS/deps/src/.hunter/_Base/bc7da32/a355b0d/145276e/Build/intx/Build/intx-Release-prefix/src/intx-Release-build”
make[8]: 进入目录“/home/xeniro/fisco-bco/FISCO-BCOS/deps/src/.hunter/_Base/bc7da32/a355b0d/145276e/Build/intx/Build/intx-Release-prefix/src/intx-Release-build”
[ 50%] Building CXX object lib/intx/CMakeFiles/intx.dir/div.cpp.o
[100%] Linking CXX static library libintx.a
make[8]: 离开目录“/home/xeniro/fisco-bco/FISCO-BCOS/deps/src/.hunter/_Base/bc7da32/a355b0d/145276e/Build/intx/Build/intx-Release-prefix/src/intx-Release-build”
[100%] Built target intx
make[7]: 离开目录“/home/xeniro/fisco-bco/FISCO-BCOS/deps/src/.hunter/_Base/bc7da32/a355b0d/145276e/Build/intx/Build/intx-Release-prefix/src/intx-Release-build”
make[6]: 离开目录“/home/xeniro/fisco-bco/FISCO-BCOS/deps/src/.hunter/_Base/bc7da32/a355b0d/145276e/Build/intx/Build/intx-Release-prefix/src/intx-Release-build”
[ 87%] Performing install step for 'intx-Release'
make[6]: 进入目录“/home/xeniro/fisco-bco/FISCO-BCOS/deps/src/.hunter/_Base/bc7da32/a355b0d/145276e/Build/intx/Build/intx-Release-prefix/src/intx-Release-build”
make[7]: 进入目录“/home/xeniro/fisco-bco/FISCO-BCOS/deps/src/.hunter/_Base/bc7da32/a355b0d/145276e/Build/intx/Build/intx-Release-prefix/src/intx-Release-build”
make[8]: 进入目录“/home/xeniro/fisco-bco/FISCO-BCOS/deps/src/.hunter/_Base/bc7da32/a355b0d/145276e/Build/intx/Build/intx-Release-prefix/src/intx-Release-build”
make[8]: 离开目录“/home/xeniro/fisco-bco/FISCO-BCOS/deps/src/.hunter/_Base/bc7da32/a355b0d/145276e/Build/intx/Build/intx-Release-prefix/src/intx-Release-build”
[100%] Built target intx
make[7]: 离开目录“/home/xeniro/fisco-bco/FISCO-BCOS/deps/src/.hunter/_Base/bc7da32/a355b0d/145276e/Build/intx/Build/intx-Release-prefix/src/intx-Release-build”
Install the project...
-- Install configuration: "Release"
-- Installing: /home/xeniro/fisco-bco/FISCO-BCOS/deps/src/.hunter/_Base/bc7da32/a355b0d/145276e/Build/intx/Install/lib/cmake/intx/intxTargets.cmake
-- Installing: /home/xeniro/fisco-bco/FISCO-BCOS/deps/src/.hunter/_Base/bc7da32/a355b0d/145276e/Build/intx/Install/lib/cmake/intx/intxTargets-release.cmake
-- Installing: /home/xeniro/fisco-bco/FISCO-BCOS/deps/src/.hunter/_Base/bc7da32/a355b0d/145276e/Build/intx/Install/lib/cmake/intx/intxConfig.cmake
-- Installing: /home/xeniro/fisco-bco/FISCO-BCOS/deps/src/.hunter/_Base/bc7da32/a355b0d/145276e/Build/intx/Install/lib/cmake/intx/intxConfigVersion.cmake
-- Installing: /home/xeniro/fisco-bco/FISCO-BCOS/deps/src/.hunter/_Base/bc7da32/a355b0d/145276e/Build/intx/Install/lib/libintx.a
-- Installing: /home/xeniro/fisco-bco/FISCO-BCOS/deps/src/.hunter/_Base/bc7da32/a355b0d/145276e/Build/intx/Install/include
-- Installing: /home/xeniro/fisco-bco/FISCO-BCOS/deps/src/.hunter/_Base/bc7da32/a355b0d/145276e/Build/intx/Install/include/intx
-- Installing: /home/xeniro/fisco-bco/FISCO-BCOS/deps/src/.hunter/_Base/bc7da32/a355b0d/145276e/Build/intx/Install/include/intx/int128.hpp
-- Installing: /home/xeniro/fisco-bco/FISCO-BCOS/deps/src/.hunter/_Base/bc7da32/a355b0d/145276e/Build/intx/Install/include/intx/builtins.h
-- Installing: /home/xeniro/fisco-bco/FISCO-BCOS/deps/src/.hunter/_Base/bc7da32/a355b0d/145276e/Build/intx/Install/include/intx/intx.hpp
make[6]: 离开目录“/home/xeniro/fisco-bco/FISCO-BCOS/deps/src/.hunter/_Base/bc7da32/a355b0d/145276e/Build/intx/Build/intx-Release-prefix/src/intx-Release-build”
loading initial cache file /home/xeniro/fisco-bco/FISCO-BCOS/deps/src/.hunter/_Base/bc7da32/a355b0d/145276e/Build/intx/args.cmake
[100%] Completed 'intx-Release'
make[5]: 离开目录“/home/xeniro/fisco-bco/FISCO-BCOS/deps/src/.hunter/_Base/bc7da32/a355b0d/145276e/Build/intx/Build”
[100%] Built target intx-Release
make[4]: 离开目录“/home/xeniro/fisco-bco/FISCO-BCOS/deps/src/.hunter/_Base/bc7da32/a355b0d/145276e/Build/intx/Build”
make[3]: 离开目录“/home/xeniro/fisco-bco/FISCO-BCOS/deps/src/.hunter/_Base/bc7da32/a355b0d/145276e/Build/intx/Build”
-- [hunter] Build step successful (dir: /home/xeniro/fisco-bco/FISCO-BCOS/deps/src/.hunter/_Base/bc7da32/a355b0d/145276e/Build/intx)
-- [hunter] Cache saved: /home/xeniro/fisco-bco/FISCO-BCOS/deps/src/.hunter/_Base/Cache/raw/63c01d7795691cc6e5252ea8be5334ff5fa28638.tar.bz2
-- Configuring done
-- Generating done
-- Build files have been written to: /home/xeniro/fisco-bco/FISCO-BCOS/deps/src/evmone
